#
# A fatal error has been detected by the Java Runtime Environment:
#
#  SIGSEGV (0xb) at pc=0x0000000136dad93f, pid=7853, tid=0x0000000000002603
#
# JRE version: Java(TM) SE Runtime Environment (8.0_144-b01) (build 1.8.0_144-b01)
# Java VM: Java HotSpot(TM) 64-Bit Server VM (25.144-b01 mixed mode bsd-amd64 compressed oops)
# Problematic frame:
# C  [libtesseract.dylib+0x1293f]  _ZN9tesseract9Tesseract15recog_all_wordsEP8PAGE_RESP10ETEXT_DESCPK4TBOXPKci+0xa5
#
# Failed to write core dump. Core dumps have been disabled. To enable core dumping, try "ulimit -c unlimited" before starting Java again
#
# If you would like to submit a bug report, please visit:
#   http://bugreport.java.com/bugreport/crash.jsp
# The crash happened outside the Java Virtual Machine in native code.
# See problematic frame for where to report the bug.
#

---------------  T H R E A D  ---------------

Current thread (0x00007fd4a4809800):  JavaThread "main" [_thread_in_native, id=9731, stack(0x000070000b739000,0x000070000b839000)]

siginfo: si_signo: 11 (SIGSEGV), si_code: 1 (SEGV_MAPERR), si_addr: 0x000000000000000c

Registers:
RAX=0x0000000000000000, RBX=0x0000000000000000, RCX=0x0000000000000000, RDX=0x00007fd4a9d11350
RSP=0x000070000b837630, RBP=0x000070000b8377a0, RSI=0x0000000000000000, RDI=0x000070000b8376f8
R8 =0x0000000000000000, R9 =0x0000000000000000, R10=0x00000000ffff0000, R11=0x00007fd4a9d00000
R12=0x00007fd4a7832400, R13=0x0000000000000000, R14=0x0000000000000000, R15=0x00007fd4a9d109f0
RIP=0x0000000136dad93f, EFLAGS=0x0000000000010246, ERR=0x0000000000000004
  TRAPNO=0x000000000000000e

Top of Stack: (sp=0x000070000b837630)
0x000070000b837630:   0000000000000000 00007fd4a9d109f0
0x000070000b837640:   0000000000000000 0000000000000000
0x000070000b837650:   0000000000000000 00007fd4a9d4d3d0
0x000070000b837660:   00007fd4a9d11b00 00007fd4a9d10a50
0x000070000b837670:   00007fd4a9d11350 00007fd4a9d11b00
0x000070000b837680:   00007fd4a9d10a50 00007fd4a9d109f8
0x000070000b837690:   00007fd4a9d10a50 00007fd4a9d10a50
0x000070000b8376a0:   00007fd4a9d10a50 00007fd4a9d10000
0x000070000b8376b0:   00007fd4a9d10a50 00007fd4a9d10000
0x000070000b8376c0:   00007fd4a9d10a78 00007fd4a9d11b00
0x000070000b8376d0:   00007fd4a9d11b00 00007fd4a9d11b00
0x000070000b8376e0:   00007fd4a9d10000 00007fd4a9d11b00
0x000070000b8376f0:   00007fd4a9d10900 00007fd4a9d11b20
0x000070000b837700:   00007fd4a9d11350 00007fd4a9d4d3d0
0x000070000b837710:   00007fd4a9d11350 00007fd4a7830000
0x000070000b837720:   00007fd4a9d4d3d0 00007fd4a9d0fd01
0x000070000b837730:   000070000b837770 0000000136d9daa6
0x000070000b837740:   00007fd4a78325f8 00007fd4a9e0bae0
0x000070000b837750:   00007fd4a9d109f0 00007fd4a7832400
0x000070000b837760:   0000000000000000 0000000000000000
0x000070000b837770:   000070000b8377a0 000070000b837701
0x000070000b837780:   00007fd4a9d109f0 00007fd4a7832400
0x000070000b837790:   00000000ffffffff 00007fd4a9e0bae0
0x000070000b8377a0:   000070000b837810 0000000136d9f696
0x000070000b8377b0:   00007fd4a9e0bae0 000000011cf39046
0x000070000b8377c0:   000000011cf105d0 0000000000000000
0x000070000b8377d0:   000070000b837888 000070000b837840
0x000070000b8377e0:   010070000b837840 00007fd4a9e0bae0
0x000070000b8377f0:   0000000000000000 0000000136d92534
0x000070000b837800:   0000000000000000 53a085b53054008b
0x000070000b837810:   000070000b837850 0000000136d9e37a
0x000070000b837820:   000070000b837888 000000011cf3907a 

Instructions: (pc=0x0000000136dad93f)
0x0000000136dad91f:   24 c0 16 00 00 00 7e 0d 49 89 de 4c 89 e7 e8 4e
0x0000000136dad92f:   df 0b 00 eb 19 49 89 de 49 8b 84 24 10 0b 00 00
0x0000000136dad93f:   80 78 0c 00 74 08 4c 89 e7 e8 a7 df 0b 00 41 83
0x0000000136dad94f:   bc 24 40 4c 00 00 00 7e 40 31 db 49 8b 84 24 48 

Register to memory mapping:

RAX=0x0000000000000000 is an unknown value
RBX=0x0000000000000000 is an unknown value
RCX=0x0000000000000000 is an unknown value
RDX=0x00007fd4a9d11350 is an unknown value
RSP=0x000070000b837630 is pointing into the stack for thread: 0x00007fd4a4809800
RBP=0x000070000b8377a0 is pointing into the stack for thread: 0x00007fd4a4809800
RSI=0x0000000000000000 is an unknown value
RDI=0x000070000b8376f8 is pointing into the stack for thread: 0x00007fd4a4809800
R8 =0x0000000000000000 is an unknown value
R9 =0x0000000000000000 is an unknown value
R10=0x00000000ffff0000 is an unknown value
R11=0x00007fd4a9d00000 is an unknown value
R12=0x00007fd4a7832400 is an unknown value
R13=0x0000000000000000 is an unknown value
R14=0x0000000000000000 is an unknown value
R15=0x00007fd4a9d109f0 is an unknown value


Stack: [0x000070000b739000,0x000070000b839000],  sp=0x000070000b837630,  free space=1017k
Native frames: (J=compiled Java code, j=interpreted, Vv=VM code, C=native code)
C  [libtesseract.dylib+0x1293f]  _ZN9tesseract9Tesseract15recog_all_wordsEP8PAGE_RESP10ETEXT_DESCPK4TBOXPKci+0xa5
C  [libtesseract.dylib+0x4696]  _ZN9tesseract11TessBaseAPI9RecognizeEP10ETEXT_DESC+0x2d6
C  [libtesseract.dylib+0x337a]  _ZN9tesseract11TessBaseAPI11GetUTF8TextEv+0x30
C  [jna3917778493438370512.tmp+0xdf44]  ffi_call_unix64+0x4c
C  0x000070000b838268

Java frames: (J=compiled Java code, j=interpreted, Vv=VM code)
j  com.sun.jna.Native.invokePointer(Lcom/sun/jna/Function;JI[Ljava/lang/Object;)J+0
j  com.sun.jna.Function.invokePointer(I[Ljava/lang/Object;)Lcom/sun/jna/Pointer;+7
j  com.sun.jna.Function.invoke([Ljava/lang/Object;Ljava/lang/Class;ZI)Ljava/lang/Object;+385
j  com.sun.jna.Function.invoke(Ljava/lang/reflect/Method;[Ljava/lang/Class;Ljava/lang/Class;[Ljava/lang/Object;Ljava/util/Map;)Ljava/lang/Object;+251
j  com.sun.jna.Library$Handler.invoke(Ljava/lang/Object;Ljava/lang/reflect/Method;[Ljava/lang/Object;)Ljava/lang/Object;+344
j  com.sun.proxy.$Proxy0.TessBaseAPIGetUTF8Text(Lnet/sourceforge/tess4j/ITessAPI$TessBaseAPI;)Lcom/sun/jna/Pointer;+16
j  net.sourceforge.tess4j.Tesseract.getOCRText(Ljava/lang/String;I)Ljava/lang/String;+62
j  net.sourceforge.tess4j.Tesseract.doOCR(Ljava/util/List;Ljava/lang/String;Ljava/awt/Rectangle;)Ljava/lang/String;+69
j  net.sourceforge.tess4j.Tesseract.doOCR(Ljava/util/List;Ljava/awt/Rectangle;)Ljava/lang/String;+4
j  net.sourceforge.tess4j.Tesseract.doOCR(Ljava/awt/image/BufferedImage;Ljava/awt/Rectangle;)Ljava/lang/String;+6
j  net.sourceforge.tess4j.Tesseract.doOCR(Ljava/awt/image/BufferedImage;)Ljava/lang/String;+3
j  com.howie.story.biz.util.PicDiscernUtil.main([Ljava/lang/String;)V+104
v  ~StubRoutines::call_stub

---------------  P R O C E S S  ---------------

Java Threads: ( => current thread )
  0x00007fd4a7260000 JavaThread "Java2D Queue Flusher" daemon [_thread_blocked, id=57607, stack(0x000070000d316000,0x000070000d416000)]
  0x00007fd4a7235800 JavaThread "Java2D Disposer" daemon [_thread_blocked, id=77543, stack(0x000070000d213000,0x000070000d313000)]
  0x00007fd4a5974800 JavaThread "AWT-AppKit" daemon [_thread_in_native, id=775, stack(0x00007ffedff87000,0x00007ffee0787000)]
  0x00007fd4a485b000 JavaThread "Service Thread" daemon [_thread_blocked, id=43011, stack(0x000070000cb75000,0x000070000cc75000)]
  0x00007fd4a5809800 JavaThread "C1 CompilerThread3" daemon [_thread_blocked, id=21763, stack(0x000070000ca72000,0x000070000cb72000)]
  0x00007fd4a8816800 JavaThread "C2 CompilerThread2" daemon [_thread_blocked, id=15875, stack(0x000070000c96f000,0x000070000ca6f000)]
  0x00007fd4a7831800 JavaThread "C2 CompilerThread1" daemon [_thread_blocked, id=16643, stack(0x000070000c86c000,0x000070000c96c000)]
  0x00007fd4a7020800 JavaThread "C2 CompilerThread0" daemon [_thread_blocked, id=17155, stack(0x000070000c769000,0x000070000c869000)]
  0x00007fd4a5801000 JavaThread "JDWP Command Reader" daemon [_thread_in_native, id=17667, stack(0x000070000c666000,0x000070000c766000)]
  0x00007fd4a7010000 JavaThread "JDWP Event Helper Thread" daemon [_thread_blocked, id=15619, stack(0x000070000c563000,0x000070000c663000)]
  0x00007fd4a700f000 JavaThread "JDWP Transport Listener: dt_socket" daemon [_thread_blocked, id=15111, stack(0x000070000c460000,0x000070000c560000)]
  0x00007fd4a4818000 JavaThread "Signal Dispatcher" daemon [_thread_blocked, id=14855, stack(0x000070000c35d000,0x000070000c45d000)]
  0x00007fd4a4817000 JavaThread "Finalizer" daemon [_thread_blocked, id=12035, stack(0x000070000c25a000,0x000070000c35a000)]
  0x00007fd4a4814800 JavaThread "Reference Handler" daemon [_thread_blocked, id=18947, stack(0x000070000c157000,0x000070000c257000)]
=>0x00007fd4a4809800 JavaThread "main" [_thread_in_native, id=9731, stack(0x000070000b739000,0x000070000b839000)]

Other Threads:
  0x00007fd4a700e800 VMThread [stack: 0x000070000c054000,0x000070000c154000] [id=19459]
  0x00007fd4a5022800 WatcherThread [stack: 0x000070000cc78000,0x000070000cd78000] [id=42499]

VM state:not at safepoint (normal execution)

VM Mutex/Monitor currently owned by a thread: None

Heap:
 PSYoungGen      total 76288K, used 50400K [0x000000076ab00000, 0x0000000773a00000, 0x00000007c0000000)
  eden space 65536K, 76% used [0x000000076ab00000,0x000000076dc380a0,0x000000076eb00000)
  from space 10752K, 0% used [0x000000076f580000,0x000000076f580000,0x0000000770000000)
  to   space 10752K, 0% used [0x000000076eb00000,0x000000076eb00000,0x000000076f580000)
 ParOldGen       total 272896K, used 67127K [0x00000006c0000000, 0x00000006d0a80000, 0x000000076ab00000)
  object space 272896K, 24% used [0x00000006c0000000,0x00000006c418dd50,0x00000006d0a80000)
 Metaspace       used 12065K, capacity 12320K, committed 12416K, reserved 1060864K
  class space    used 1473K, capacity 1568K, committed 1664K, reserved 1048576K

Card table byte_map: [0x0000000111967000,0x0000000112168000] byte_map_base: 0x000000010e367000

Marking Bits: (ParMarkBitMap*) 0x0000000110ef35d0
 Begin Bits: [0x00000001126be000, 0x00000001166be000)
 End Bits:   [0x00000001166be000, 0x000000011a6be000)

Polling page: 0x000000010f4fd000

CodeCache: size=245760Kb used=2812Kb max_used=2812Kb free=242947Kb
 bounds [0x000000011cf0b000, 0x000000011d1db000, 0x000000012bf0b000]
 total_blobs=1107 nmethods=656 adapters=373
 compilation: enabled

Compilation events (10 events):
Event: 4.832 Thread 0x00007fd4a5809800  653   !   3       java.lang.ref.Finalizer::remove (94 bytes)
Event: 4.832 Thread 0x00007fd4a5809800 nmethod 653 0x000000011d1c5b50 code [0x000000011d1c5ce0, 0x000000011d1c61f0]
Event: 4.832 Thread 0x00007fd4a5809800  654       3       java.lang.System$2::invokeFinalize (5 bytes)
Event: 4.832 Thread 0x00007fd4a5809800 nmethod 654 0x000000011d1c6390 code [0x000000011d1c6500, 0x000000011d1c6728]
Event: 10.662 Thread 0x00007fd4a5809800  655       3       java.util.zip.ZipFile$ZipFileInputStream::finalize (5 bytes)
Event: 10.662 Thread 0x00007fd4a5809800 nmethod 655 0x000000011d1cb090 code [0x000000011d1cb200, 0x000000011d1cb388]
Event: 10.662 Thread 0x00007fd4a5809800  656       3       java.util.zip.ZipFile$ZipFileInflaterInputStream::finalize (5 bytes)
Event: 10.662 Thread 0x00007fd4a5809800 nmethod 656 0x000000011d1cb410 code [0x000000011d1cb580, 0x000000011d1cb708]
Event: 13.339 Thread 0x00007fd4a5809800  657       1       java.util.concurrent.locks.AbstractQueuedSynchronizer::getState (5 bytes)
Event: 13.339 Thread 0x00007fd4a5809800 nmethod 657 0x000000011d1cb790 code [0x000000011d1cb8e0, 0x000000011d1cb9f0]

GC Heap History (10 events):
Event: 10.614 GC heap before
{Heap before GC invocations=2 (full 0):
 PSYoungGen      total 76288K, used 76261K [0x000000076ab00000, 0x0000000770000000, 0x00000007c0000000)
  eden space 65536K, 100% used [0x000000076ab00000,0x000000076eb00000,0x000000076eb00000)
  from space 10752K, 99% used [0x000000076eb00000,0x000000076f579530,0x000000076f580000)
  to   space 10752K, 0% used [0x000000076f580000,0x000000076f580000,0x0000000770000000)
 ParOldGen       total 175104K, used 4720K [0x00000006c0000000, 0x00000006cab00000, 0x000000076ab00000)
  object space 175104K, 2% used [0x00000006c0000000,0x00000006c049c228,0x00000006cab00000)
 Metaspace       used 11783K, capacity 12032K, committed 12288K, reserved 1060864K
  class space    used 1402K, capacity 1472K, committed 1536K, reserved 1048576K
Event: 10.648 GC heap after
Heap after GC invocations=2 (full 0):
 PSYoungGen      total 76288K, used 2890K [0x000000076ab00000, 0x0000000770000000, 0x00000007c0000000)
  eden space 65536K, 0% used [0x000000076ab00000,0x000000076ab00000,0x000000076eb00000)
  from space 10752K, 26% used [0x000000076f580000,0x000000076f8529b8,0x0000000770000000)
  to   space 10752K, 0% used [0x000000076eb00000,0x000000076eb00000,0x000000076f580000)
 ParOldGen       total 175104K, used 92436K [0x00000006c0000000, 0x00000006cab00000, 0x000000076ab00000)
  object space 175104K, 52% used [0x00000006c0000000,0x00000006c5a45198,0x00000006cab00000)
 Metaspace       used 11783K, capacity 12032K, committed 12288K, reserved 1060864K
  class space    used 1402K, capacity 1472K, committed 1536K, reserved 1048576K
}
Event: 10.648 GC heap before
{Heap before GC invocations=3 (full 1):
 PSYoungGen      total 76288K, used 2890K [0x000000076ab00000, 0x0000000770000000, 0x00000007c0000000)
  eden space 65536K, 0% used [0x000000076ab00000,0x000000076ab00000,0x000000076eb00000)
  from space 10752K, 26% used [0x000000076f580000,0x000000076f8529b8,0x0000000770000000)
  to   space 10752K, 0% used [0x000000076eb00000,0x000000076eb00000,0x000000076f580000)
 ParOldGen       total 175104K, used 92436K [0x00000006c0000000, 0x00000006cab00000, 0x000000076ab00000)
  object space 175104K, 52% used [0x00000006c0000000,0x00000006c5a45198,0x00000006cab00000)
 Metaspace       used 11783K, capacity 12032K, committed 12288K, reserved 1060864K
  class space    used 1402K, capacity 1472K, committed 1536K, reserved 1048576K
Event: 10.661 GC heap after
Heap after GC invocations=3 (full 1):
 PSYoungGen      total 76288K, used 0K [0x000000076ab00000, 0x0000000770000000, 0x00000007c0000000)
  eden space 65536K, 0% used [0x000000076ab00000,0x000000076ab00000,0x000000076eb00000)
  from space 10752K, 0% used [0x000000076f580000,0x000000076f580000,0x0000000770000000)
  to   space 10752K, 0% used [0x000000076eb00000,0x000000076eb00000,0x000000076f580000)
 ParOldGen       total 210944K, used 36643K [0x00000006c0000000, 0x00000006cce00000, 0x000000076ab00000)
  object space 210944K, 17% used [0x00000006c0000000,0x00000006c23c8fe0,0x00000006cce00000)
 Metaspace       used 11783K, capacity 12032K, committed 12288K, reserved 1060864K
  class space    used 1402K, capacity 1472K, committed 1536K, reserved 1048576K
}
Event: 13.159 GC heap before
{Heap before GC invocations=4 (full 1):
 PSYoungGen      total 76288K, used 65536K [0x000000076ab00000, 0x0000000770000000, 0x00000007c0000000)
  eden space 65536K, 100% used [0x000000076ab00000,0x000000076eb00000,0x000000076eb00000)
  from space 10752K, 0% used [0x000000076f580000,0x000000076f580000,0x0000000770000000)
  to   space 10752K, 0% used [0x000000076eb00000,0x000000076eb00000,0x000000076f580000)
 ParOldGen       total 210944K, used 36643K [0x00000006c0000000, 0x00000006cce00000, 0x000000076ab00000)
  object space 210944K, 17% used [0x00000006c0000000,0x00000006c23c8fe0,0x00000006cce00000)
 Metaspace       used 11783K, capacity 12032K, committed 12288K, reserved 1060864K
  class space    used 1402K, capacity 1472K, committed 1536K, reserved 1048576K
Event: 13.160 GC heap after
Heap after GC invocations=4 (full 1):
 PSYoungGen      total 76288K, used 160K [0x000000076ab00000, 0x0000000770000000, 0x00000007c0000000)
  eden space 65536K, 0% used [0x000000076ab00000,0x000000076ab00000,0x000000076eb00000)
  from space 10752K, 1% used [0x000000076eb00000,0x000000076eb28000,0x000000076f580000)
  to   space 10752K, 0% used [0x000000076f580000,0x000000076f580000,0x0000000770000000)
 ParOldGen       total 210944K, used 36643K [0x00000006c0000000, 0x00000006cce00000, 0x000000076ab00000)
  object space 210944K, 17% used [0x00000006c0000000,0x00000006c23c8fe0,0x00000006cce00000)
 Metaspace       used 11783K, capacity 12032K, committed 12288K, reserved 1060864K
  class space    used 1402K, capacity 1472K, committed 1536K, reserved 1048576K
}
Event: 13.759 GC heap before
{Heap before GC invocations=5 (full 1):
 PSYoungGen      total 76288K, used 50944K [0x000000076ab00000, 0x0000000770000000, 0x00000007c0000000)
  eden space 65536K, 77% used [0x000000076ab00000,0x000000076dc981e8,0x000000076eb00000)
  from space 10752K, 1% used [0x000000076eb00000,0x000000076eb28000,0x000000076f580000)
  to   space 10752K, 0% used [0x000000076f580000,0x000000076f580000,0x0000000770000000)
 ParOldGen       total 210944K, used 36643K [0x00000006c0000000, 0x00000006cce00000, 0x000000076ab00000)
  object space 210944K, 17% used [0x00000006c0000000,0x00000006c23c8fe0,0x00000006cce00000)
 Metaspace       used 12061K, capacity 12320K, committed 12416K, reserved 1060864K
  class space    used 1472K, capacity 1568K, committed 1664K, reserved 1048576K
Event: 13.782 GC heap after
Heap after GC invocations=5 (full 1):
 PSYoungGen      total 76288K, used 8759K [0x000000076ab00000, 0x0000000773a00000, 0x00000007c0000000)
  eden space 65536K, 0% used [0x000000076ab00000,0x000000076ab00000,0x000000076eb00000)
  from space 10752K, 81% used [0x000000076f580000,0x000000076fe0dfb8,0x0000000770000000)
  to   space 10752K, 0% used [0x000000076eb00000,0x000000076eb00000,0x000000076f580000)
 ParOldGen       total 210944K, used 132543K [0x00000006c0000000, 0x00000006cce00000, 0x000000076ab00000)
  object space 210944K, 62% used [0x00000006c0000000,0x00000006c816ff70,0x00000006cce00000)
 Metaspace       used 12061K, capacity 12320K, committed 12416K, reserved 1060864K
  class space    used 1472K, capacity 1568K, committed 1664K, reserved 1048576K
}
Event: 13.782 GC heap before
{Heap before GC invocations=6 (full 2):
 PSYoungGen      total 76288K, used 8759K [0x000000076ab00000, 0x0000000773a00000, 0x00000007c0000000)
  eden space 65536K, 0% used [0x000000076ab00000,0x000000076ab00000,0x000000076eb00000)
  from space 10752K, 81% used [0x000000076f580000,0x000000076fe0dfb8,0x0000000770000000)
  to   space 10752K, 0% used [0x000000076eb00000,0x000000076eb00000,0x000000076f580000)
 ParOldGen       total 210944K, used 132543K [0x00000006c0000000, 0x00000006cce00000, 0x000000076ab00000)
  object space 210944K, 62% used [0x00000006c0000000,0x00000006c816ff70,0x00000006cce00000)
 Metaspace       used 12061K, capacity 12320K, committed 12416K, reserved 1060864K
  class space    used 1472K, capacity 1568K, committed 1664K, reserved 1048576K
Event: 13.790 GC heap after
Heap after GC invocations=6 (full 2):
 PSYoungGen      total 76288K, used 0K [0x000000076ab00000, 0x0000000773a00000, 0x00000007c0000000)
  eden space 65536K, 0% used [0x000000076ab00000,0x000000076ab00000,0x000000076eb00000)
  from space 10752K, 0% used [0x000000076f580000,0x000000076f580000,0x0000000770000000)
  to   space 10752K, 0% used [0x000000076eb00000,0x000000076eb00000,0x000000076f580000)
 ParOldGen       total 272896K, used 67127K [0x00000006c0000000, 0x00000006d0a80000, 0x000000076ab00000)
  object space 272896K, 24% used [0x00000006c0000000,0x00000006c418dd50,0x00000006d0a80000)
 Metaspace       used 12061K, capacity 12320K, committed 12416K, reserved 1060864K
  class space    used 1472K, capacity 1568K, committed 1664K, reserved 1048576K
}

Deoptimization events (4 events):
Event: 0.184 Thread 0x00007fd4a4809800 Uncommon trap: reason=unstable_if action=reinterpret pc=0x000000011d038918 method=java.lang.String.indexOf(II)I @ 49
Event: 4.495 Thread 0x00007fd4a4809800 Uncommon trap: reason=unstable_if action=reinterpret pc=0x000000011d0c4544 method=java.lang.String.indexOf([CII[CIII)I @ 3
Event: 4.661 Thread 0x00007fd4a4809800 Uncommon trap: reason=unstable_if action=reinterpret pc=0x000000011d0c80f0 method=java.lang.String.replace(CC)Ljava/lang/String; @ 26
Event: 4.764 Thread 0x00007fd4a4809800 Uncommon trap: reason=unstable_if action=reinterpret pc=0x000000011d1b3f2c method=com.recognition.software.jdeskew.ImageDeskew.calc()V @ 40

Internal exceptions (10 events):
Event: 0.042 Thread 0x00007fd4a4809800 Exception <a 'java/lang/NoSuchMethodError': Method sun.misc.Unsafe.prefetchRead(Ljava/lang/Object;J)V name or signature does not match> (0x000000076ab07f90) thrown at [/Users/java_re/workspace/8-2-build-macosx-x86_64/jdk8u144/9417/hotspot/src/share/vm/pri
Event: 0.176 Thread 0x00007fd4a4809800 Exception <a 'java/security/PrivilegedActionException'> (0x000000076ac33790) thrown at [/Users/java_re/workspace/8-2-build-macosx-x86_64/jdk8u144/9417/hotspot/src/share/vm/prims/jvm.cpp, line 1390]
Event: 0.176 Thread 0x00007fd4a4809800 Exception <a 'java/security/PrivilegedActionException'> (0x000000076ac33b88) thrown at [/Users/java_re/workspace/8-2-build-macosx-x86_64/jdk8u144/9417/hotspot/src/share/vm/prims/jvm.cpp, line 1390]
Event: 0.176 Thread 0x00007fd4a4809800 Exception <a 'java/security/PrivilegedActionException'> (0x000000076ac370a0) thrown at [/Users/java_re/workspace/8-2-build-macosx-x86_64/jdk8u144/9417/hotspot/src/share/vm/prims/jvm.cpp, line 1390]
Event: 0.176 Thread 0x00007fd4a4809800 Exception <a 'java/security/PrivilegedActionException'> (0x000000076ac37498) thrown at [/Users/java_re/workspace/8-2-build-macosx-x86_64/jdk8u144/9417/hotspot/src/share/vm/prims/jvm.cpp, line 1390]
Event: 0.225 Thread 0x00007fd4a4809800 Exception <a 'java/lang/NoSuchFieldError': method resolution failed> (0x000000076afdbfc0) thrown at [/Users/java_re/workspace/8-2-build-macosx-x86_64/jdk8u144/9417/hotspot/src/share/vm/prims/methodHandles.cpp, line 1146]
Event: 0.227 Thread 0x00007fd4a4809800 Exception <a 'java/lang/NoSuchFieldError': method resolution failed> (0x000000076afe9790) thrown at [/Users/java_re/workspace/8-2-build-macosx-x86_64/jdk8u144/9417/hotspot/src/share/vm/prims/methodHandles.cpp, line 1146]
Event: 4.389 Thread 0x00007fd4a4809800 Exception <a 'java/io/FileNotFoundException'> (0x000000076b064550) thrown at [/Users/java_re/workspace/8-2-build-macosx-x86_64/jdk8u144/9417/hotspot/src/share/vm/prims/jni.cpp, line 709]
Event: 4.389 Thread 0x00007fd4a4809800 Exception <a 'java/io/FileNotFoundException'> (0x000000076b0650d8) thrown at [/Users/java_re/workspace/8-2-build-macosx-x86_64/jdk8u144/9417/hotspot/src/share/vm/prims/jni.cpp, line 709]
Event: 4.525 Thread 0x00007fd4a4809800 Exception <a 'java/io/FileNotFoundException'> (0x000000076ba73940) thrown at [/Users/java_re/workspace/8-2-build-macosx-x86_64/jdk8u144/9417/hotspot/src/share/vm/prims/jni.cpp, line 709]

Events (10 events):
Event: 13.613 loading class java/awt/image/DataBufferUShort
Event: 13.613 loading class java/awt/image/DataBufferUShort done
Event: 13.613 loading class java/awt/image/DataBufferShort
Event: 13.613 loading class java/awt/image/DataBufferShort done
Event: 13.759 Executing VM operation: ParallelGCFailedAllocation
Event: 13.790 Executing VM operation: ParallelGCFailedAllocation done
Event: 13.955 loading class java/nio/DirectByteBuffer$Deallocator
Event: 13.955 loading class java/nio/DirectByteBuffer$Deallocator done
Event: 13.960 loading class com/sun/jna/Native$Buffers
Event: 13.960 loading class com/sun/jna/Native$Buffers done


Dynamic libraries:
0x000000001eb5f000 	/System/Library/Frameworks/Cocoa.framework/Versions/A/Cocoa
0x000000001eb5f000 	/System/Library/Frameworks/Security.framework/Versions/A/Security
0x000000001eb5f000 	/System/Library/Frameworks/ApplicationServices.framework/Versions/A/ApplicationServices
0x000000001eb5f000 	/usr/lib/libz.1.dylib
0x000000001eb5f000 	/usr/lib/libSystem.B.dylib
0x000000001eb5f000 	/usr/lib/libobjc.A.dylib
0x000000001eb5f000 	/System/Library/Frameworks/CoreFoundation.framework/Versions/A/CoreFoundation
0x000000001eb5f000 	/System/Library/Frameworks/Foundation.framework/Versions/C/Foundation
0x000000001eb5f000 	/System/Library/Frameworks/AppKit.framework/Versions/C/AppKit
0x000000001eb5f000 	/System/Library/Frameworks/CoreData.framework/Versions/A/CoreData
0x000000001eb5f000 	/System/Library/PrivateFrameworks/RemoteViewServices.framework/Versions/A/RemoteViewServices
0x000000001eb5f000 	/System/Library/PrivateFrameworks/UIFoundation.framework/Versions/A/UIFoundation
0x000000001eb5f000 	/System/Library/PrivateFrameworks/DFRFoundation.framework/Versions/A/DFRFoundation
0x000000001eb5f000 	/System/Library/Frameworks/Metal.framework/Versions/A/Metal
0x000000001eb5f000 	/System/Library/PrivateFrameworks/DesktopServicesPriv.framework/Versions/A/DesktopServicesPriv
0x000000001eb5f000 	/usr/lib/libenergytrace.dylib
0x000000001eb5f000 	/System/Library/PrivateFrameworks/SkyLight.framework/Versions/A/SkyLight
0x000000001eb5f000 	/System/Library/Frameworks/CoreGraphics.framework/Versions/A/CoreGraphics
0x000000001eb5f000 	/usr/lib/libScreenReader.dylib
0x000000001eb5f000 	/System/Library/Frameworks/Accelerate.framework/Versions/A/Accelerate
0x000000001eb5f000 	/System/Library/Frameworks/IOSurface.framework/Versions/A/IOSurface
0x000000001eb5f000 	/System/Library/Frameworks/AudioToolbox.framework/Versions/A/AudioToolbox
0x000000001eb5f000 	/System/Library/Frameworks/AudioUnit.framework/Versions/A/AudioUnit
0x000000001eb5f000 	/System/Library/PrivateFrameworks/DataDetectorsCore.framework/Versions/A/DataDetectorsCore
0x000000001eb5f000 	/System/Library/Frameworks/Carbon.framework/Versions/A/Frameworks/HIToolbox.framework/Versions/A/HIToolbox
0x000000001eb5f000 	/usr/lib/libicucore.A.dylib
0x000000001eb5f000 	/System/Library/Frameworks/QuartzCore.framework/Versions/A/QuartzCore
0x000000001eb5f000 	/System/Library/PrivateFrameworks/SignpostNotification.framework/Versions/A/SignpostNotification
0x000000001eb5f000 	/System/Library/Frameworks/Carbon.framework/Versions/A/Frameworks/SpeechRecognition.framework/Versions/A/SpeechRecognition
0x000000001eb5f000 	/usr/lib/libauto.dylib
0x000000001eb5f000 	/usr/lib/libxml2.2.dylib
0x000000001eb5f000 	/System/Library/PrivateFrameworks/CoreUI.framework/Versions/A/CoreUI
0x000000001eb5f000 	/System/Library/Frameworks/CoreAudio.framework/Versions/A/CoreAudio
0x000000001eb5f000 	/System/Library/Frameworks/DiskArbitration.framework/Versions/A/DiskArbitration
0x000000001eb5f000 	/usr/lib/liblangid.dylib
0x000000001eb5f000 	/System/Library/PrivateFrameworks/MultitouchSupport.framework/Versions/A/MultitouchSupport
0x000000001eb5f000 	/System/Library/Frameworks/IOKit.framework/Versions/A/IOKit
0x000000001eb5f000 	/usr/lib/libDiagnosticMessagesClient.dylib
0x000000001eb5f000 	/System/Library/Frameworks/CoreServices.framework/Versions/A/CoreServices
0x000000001eb5f000 	/System/Library/PrivateFrameworks/PerformanceAnalysis.framework/Versions/A/PerformanceAnalysis
0x000000001eb5f000 	/System/Library/Frameworks/OpenGL.framework/Versions/A/OpenGL
0x000000001eb5f000 	/System/Library/Frameworks/ColorSync.framework/Versions/A/ColorSync
0x000000001eb5f000 	/System/Library/Frameworks/CoreImage.framework/Versions/A/CoreImage
0x000000001eb5f000 	/System/Library/Frameworks/CoreText.framework/Versions/A/CoreText
0x000000001eb5f000 	/System/Library/Frameworks/ImageIO.framework/Versions/A/ImageIO
0x000000001eb5f000 	/System/Library/PrivateFrameworks/Backup.framework/Versions/A/Backup
0x000000001eb5f000 	/usr/lib/libarchive.2.dylib
0x000000001eb5f000 	/System/Library/Frameworks/CFNetwork.framework/Versions/A/CFNetwork
0x000000001eb5f000 	/System/Library/Frameworks/SystemConfiguration.framework/Versions/A/SystemConfiguration
0x000000001eb5f000 	/usr/lib/libCRFSuite.dylib
0x000000001eb5f000 	/usr/lib/libc++.1.dylib
0x000000001eb5f000 	/usr/lib/libc++abi.dylib
0x000000001eb5f000 	/usr/lib/system/libcache.dylib
0x000000001eb5f000 	/usr/lib/system/libcommonCrypto.dylib
0x000000001eb5f000 	/usr/lib/system/libcompiler_rt.dylib
0x000000001eb5f000 	/usr/lib/system/libcopyfile.dylib
0x000000001eb5f000 	/usr/lib/system/libcorecrypto.dylib
0x000000001eb5f000 	/usr/lib/system/libdispatch.dylib
0x000000001eb5f000 	/usr/lib/system/libdyld.dylib
0x000000001eb5f000 	/usr/lib/system/libkeymgr.dylib
0x000000001eb5f000 	/usr/lib/system/liblaunch.dylib
0x000000001eb5f000 	/usr/lib/system/libmacho.dylib
0x000000001eb5f000 	/usr/lib/system/libquarantine.dylib
0x000000001eb5f000 	/usr/lib/system/libremovefile.dylib
0x000000001eb5f000 	/usr/lib/system/libsystem_asl.dylib
0x000000001eb5f000 	/usr/lib/system/libsystem_blocks.dylib
0x000000001eb5f000 	/usr/lib/system/libsystem_c.dylib
0x000000001eb5f000 	/usr/lib/system/libsystem_configuration.dylib
0x000000001eb5f000 	/usr/lib/system/libsystem_coreservices.dylib
0x000000001eb5f000 	/usr/lib/system/libsystem_darwin.dylib
0x000000001eb5f000 	/usr/lib/system/libsystem_dnssd.dylib
0x000000001eb5f000 	/usr/lib/system/libsystem_info.dylib
0x000000001eb5f000 	/usr/lib/system/libsystem_m.dylib
0x000000001eb5f000 	/usr/lib/system/libsystem_malloc.dylib
0x000000001eb5f000 	/usr/lib/system/libsystem_network.dylib
0x000000001eb5f000 	/usr/lib/system/libsystem_networkextension.dylib
0x000000001eb5f000 	/usr/lib/system/libsystem_notify.dylib
0x000000001eb5f000 	/usr/lib/system/libsystem_sandbox.dylib
0x000000001eb5f000 	/usr/lib/system/libsystem_secinit.dylib
0x000000001eb5f000 	/usr/lib/system/libsystem_kernel.dylib
0x000000001eb5f000 	/usr/lib/system/libsystem_platform.dylib
0x000000001eb5f000 	/usr/lib/system/libsystem_pthread.dylib
0x000000001eb5f000 	/usr/lib/system/libsystem_symptoms.dylib
0x000000001eb5f000 	/usr/lib/system/libsystem_trace.dylib
0x000000001eb5f000 	/usr/lib/system/libunwind.dylib
0x000000001eb5f000 	/usr/lib/system/libxpc.dylib
0x000000001eb5f000 	/usr/lib/closure/libclosured.dylib
0x000000001eb5f000 	/usr/lib/libbsm.0.dylib
0x000000001eb5f000 	/usr/lib/system/libkxld.dylib
0x000000001eb5f000 	/usr/lib/libOpenScriptingUtil.dylib
0x000000001eb5f000 	/usr/lib/libcoretls.dylib
0x000000001eb5f000 	/usr/lib/libcoretls_cfhelpers.dylib
0x000000001eb5f000 	/usr/lib/libpam.2.dylib
0x000000001eb5f000 	/usr/lib/libsqlite3.dylib
0x000000001eb5f000 	/usr/lib/libxar.1.dylib
0x000000001eb5f000 	/usr/lib/libbz2.1.0.dylib
0x000000001eb5f000 	/usr/lib/liblzma.5.dylib
0x000000001eb5f000 	/usr/lib/libnetwork.dylib
0x000000001eb5f000 	/usr/lib/libapple_nghttp2.dylib
0x000000001eb5f000 	/usr/lib/libpcap.A.dylib
0x000000001eb5f000 	/usr/lib/libboringssl.dylib
0x000000001eb5f000 	/usr/lib/libusrtcp.dylib
0x000000001eb5f000 	/usr/lib/libapple_crypto.dylib
0x000000001eb5f000 	/System/Library/Frameworks/CoreServices.framework/Versions/A/Frameworks/FSEvents.framework/Versions/A/FSEvents
0x000000001eb5f000 	/System/Library/Frameworks/CoreServices.framework/Versions/A/Frameworks/CarbonCore.framework/Versions/A/CarbonCore
0x000000001eb5f000 	/System/Library/Frameworks/CoreServices.framework/Versions/A/Frameworks/Metadata.framework/Versions/A/Metadata
0x000000001eb5f000 	/System/Library/Frameworks/CoreServices.framework/Versions/A/Frameworks/OSServices.framework/Versions/A/OSServices
0x000000001eb5f000 	/System/Library/Frameworks/CoreServices.framework/Versions/A/Frameworks/SearchKit.framework/Versions/A/SearchKit
0x000000001eb5f000 	/System/Library/Frameworks/CoreServices.framework/Versions/A/Frameworks/AE.framework/Versions/A/AE
0x000000001eb5f000 	/System/Library/Frameworks/CoreServices.framework/Versions/A/Frameworks/LaunchServices.framework/Versions/A/LaunchServices
0x000000001eb5f000 	/System/Library/Frameworks/CoreServices.framework/Versions/A/Frameworks/DictionaryServices.framework/Versions/A/DictionaryServices
0x000000001eb5f000 	/System/Library/Frameworks/CoreServices.framework/Versions/A/Frameworks/SharedFileList.framework/Versions/A/SharedFileList
0x000000001eb5f000 	/System/Library/Frameworks/NetFS.framework/Versions/A/NetFS
0x000000001eb5f000 	/System/Library/PrivateFrameworks/NetAuth.framework/Versions/A/NetAuth
0x000000001eb5f000 	/System/Library/PrivateFrameworks/login.framework/Versions/A/Frameworks/loginsupport.framework/Versions/A/loginsupport
0x000000001eb5f000 	/System/Library/PrivateFrameworks/TCC.framework/Versions/A/TCC
0x000000001eb5f000 	/usr/lib/libmecabra.dylib
0x000000001eb5f000 	/System/Library/Frameworks/ApplicationServices.framework/Versions/A/Frameworks/ATS.framework/Versions/A/ATS
0x000000001eb5f000 	/System/Library/Frameworks/ApplicationServices.framework/Versions/A/Frameworks/ColorSyncLegacy.framework/Versions/A/ColorSyncLegacy
0x000000001eb5f000 	/System/Library/Frameworks/ApplicationServices.framework/Versions/A/Frameworks/HIServices.framework/Versions/A/HIServices
0x000000001eb5f000 	/System/Library/Frameworks/ApplicationServices.framework/Versions/A/Frameworks/LangAnalysis.framework/Versions/A/LangAnalysis
0x000000001eb5f000 	/System/Library/Frameworks/ApplicationServices.framework/Versions/A/Frameworks/PrintCore.framework/Versions/A/PrintCore
0x000000001eb5f000 	/System/Library/Frameworks/ApplicationServices.framework/Versions/A/Frameworks/QD.framework/Versions/A/QD
0x000000001eb5f000 	/System/Library/Frameworks/ApplicationServices.framework/Versions/A/Frameworks/SpeechSynthesis.framework/Versions/A/SpeechSynthesis
0x000000001eb5f000 	/System/Library/Frameworks/CoreDisplay.framework/Versions/A/CoreDisplay
0x000000001eb5f000 	/System/Library/Frameworks/Accelerate.framework/Versions/A/Frameworks/vImage.framework/Versions/A/vImage
0x000000001eb5f000 	/System/Library/Frameworks/Accelerate.framework/Versions/A/Frameworks/vecLib.framework/Versions/A/vecLib
0x000000001eb5f000 	/System/Library/Frameworks/Accelerate.framework/Versions/A/Frameworks/vecLib.framework/Versions/A/libvDSP.dylib
0x000000001eb5f000 	/System/Library/Frameworks/Accelerate.framework/Versions/A/Frameworks/vecLib.framework/Versions/A/libBNNS.dylib
0x000000001eb5f000 	/System/Library/Frameworks/Accelerate.framework/Versions/A/Frameworks/vecLib.framework/Versions/A/libQuadrature.dylib
0x000000001eb5f000 	/System/Library/Frameworks/Accelerate.framework/Versions/A/Frameworks/vecLib.framework/Versions/A/libvMisc.dylib
0x000000001eb5f000 	/System/Library/Frameworks/Accelerate.framework/Versions/A/Frameworks/vecLib.framework/Versions/A/libLAPACK.dylib
0x000000001eb5f000 	/System/Library/Frameworks/Accelerate.framework/Versions/A/Frameworks/vecLib.framework/Versions/A/libBLAS.dylib
0x000000001eb5f000 	/System/Library/Frameworks/Accelerate.framework/Versions/A/Frameworks/vecLib.framework/Versions/A/libLinearAlgebra.dylib
0x000000001eb5f000 	/System/Library/Frameworks/Accelerate.framework/Versions/A/Frameworks/vecLib.framework/Versions/A/libSparse.dylib
0x000000001eb5f000 	/System/Library/Frameworks/Accelerate.framework/Versions/A/Frameworks/vecLib.framework/Versions/A/libSparseBLAS.dylib
0x000000001eb5f000 	/System/Library/PrivateFrameworks/GPUWrangler.framework/Versions/A/GPUWrangler
0x000000001eb5f000 	/System/Library/PrivateFrameworks/IOAccelerator.framework/Versions/A/IOAccelerator
0x000000001eb5f000 	/System/Library/PrivateFrameworks/IOPresentment.framework/Versions/A/IOPresentment
0x000000001eb5f000 	/System/Library/PrivateFrameworks/DSExternalDisplay.framework/Versions/A/DSExternalDisplay
0x000000001eb5f000 	/System/Library/Frameworks/OpenGL.framework/Versions/A/Libraries/libCoreFSCache.dylib
0x000000001eb5f000 	/System/Library/Frameworks/CoreVideo.framework/Versions/A/CoreVideo
0x000000001eb5f000 	/System/Library/PrivateFrameworks/GraphVisualizer.framework/Versions/A/GraphVisualizer
0x000000001eb5f000 	/System/Library/Frameworks/MetalPerformanceShaders.framework/Versions/A/MetalPerformanceShaders
0x000000001eb5f000 	/usr/lib/libFosl_dynamic.dylib
0x000000001eb5f000 	/System/Library/PrivateFrameworks/FaceCore.framework/Versions/A/FaceCore
0x000000001eb5f000 	/System/Library/Frameworks/OpenCL.framework/Versions/A/OpenCL
0x000000001eb5f000 	/usr/lib/libcompression.dylib
0x000000001eb5f000 	/System/Library/Frameworks/ApplicationServices.framework/Versions/A/Frameworks/ATS.framework/Versions/A/Resources/libFontParser.dylib
0x000000001eb5f000 	/System/Library/Frameworks/ApplicationServices.framework/Versions/A/Frameworks/ATS.framework/Versions/A/Resources/libFontRegistry.dylib
0x000000001eb5f000 	/System/Library/Frameworks/ImageIO.framework/Versions/A/Resources/libJPEG.dylib
0x000000001eb5f000 	/System/Library/Frameworks/ImageIO.framework/Versions/A/Resources/libTIFF.dylib
0x000000001eb5f000 	/System/Library/Frameworks/ImageIO.framework/Versions/A/Resources/libPng.dylib
0x000000001eb5f000 	/System/Library/Frameworks/ImageIO.framework/Versions/A/Resources/libGIF.dylib
0x000000001eb5f000 	/System/Library/Frameworks/ImageIO.framework/Versions/A/Resources/libJP2.dylib
0x000000001eb5f000 	/System/Library/Frameworks/ImageIO.framework/Versions/A/Resources/libRadiance.dylib
0x000000001eb5f000 	/System/Library/PrivateFrameworks/AppleJPEG.framework/Versions/A/AppleJPEG
0x000000001eb5f000 	/System/Library/Frameworks/MetalPerformanceShaders.framework/Frameworks/MPSCore.framework/Versions/A/MPSCore
0x000000001eb5f000 	/System/Library/Frameworks/MetalPerformanceShaders.framework/Frameworks/MPSImage.framework/Versions/A/MPSImage
0x000000001eb5f000 	/System/Library/Frameworks/MetalPerformanceShaders.framework/Frameworks/MPSNeuralNetwork.framework/Versions/A/MPSNeuralNetwork
0x000000001eb5f000 	/System/Library/Frameworks/MetalPerformanceShaders.framework/Frameworks/MPSMatrix.framework/Versions/A/MPSMatrix
0x000000001eb5f000 	/System/Library/PrivateFrameworks/MetalTools.framework/Versions/A/MetalTools
0x000000001eb5f000 	/System/Library/Frameworks/OpenGL.framework/Versions/A/Libraries/libGLU.dylib
0x000000001eb5f000 	/System/Library/Frameworks/OpenGL.framework/Versions/A/Libraries/libGFXShared.dylib
0x000000001eb5f000 	/System/Library/Frameworks/OpenGL.framework/Versions/A/Libraries/libGL.dylib
0x000000001eb5f000 	/System/Library/Frameworks/OpenGL.framework/Versions/A/Libraries/libGLImage.dylib
0x000000001eb5f000 	/System/Library/Frameworks/OpenGL.framework/Versions/A/Libraries/libCVMSPluginSupport.dylib
0x000000001eb5f000 	/System/Library/Frameworks/OpenGL.framework/Versions/A/Libraries/libCoreVMClient.dylib
0x000000001eb5f000 	/usr/lib/libcups.2.dylib
0x000000001eb5f000 	/System/Library/Frameworks/Kerberos.framework/Versions/A/Kerberos
0x000000001eb5f000 	/System/Library/Frameworks/GSS.framework/Versions/A/GSS
0x000000001eb5f000 	/usr/lib/libresolv.9.dylib
0x000000001eb5f000 	/usr/lib/libiconv.2.dylib
0x000000001eb5f000 	/System/Library/PrivateFrameworks/Heimdal.framework/Versions/A/Heimdal
0x000000001eb5f000 	/usr/lib/libheimdal-asn1.dylib
0x000000001eb5f000 	/System/Library/Frameworks/OpenDirectory.framework/Versions/A/OpenDirectory
0x000000001eb5f000 	/System/Library/PrivateFrameworks/CommonAuth.framework/Versions/A/CommonAuth
0x000000001eb5f000 	/System/Library/Frameworks/OpenDirectory.framework/Versions/A/Frameworks/CFOpenDirectory.framework/Versions/A/CFOpenDirectory
0x000000001eb5f000 	/System/Library/Frameworks/SecurityFoundation.framework/Versions/A/SecurityFoundation
0x000000001eb5f000 	/System/Library/PrivateFrameworks/APFS.framework/Versions/A/APFS
0x000000001eb5f000 	/usr/lib/libutil.dylib
0x000000001eb5f000 	/System/Library/PrivateFrameworks/AppleSauce.framework/Versions/A/AppleSauce
0x000000001eb5f000 	/System/Library/PrivateFrameworks/LinguisticData.framework/Versions/A/LinguisticData
0x000000001eb5f000 	/usr/lib/libmarisa.dylib
0x000000001eb5f000 	/System/Library/PrivateFrameworks/Lexicon.framework/Versions/A/Lexicon
0x000000001eb5f000 	/usr/lib/libChineseTokenizer.dylib
0x000000001eb5f000 	/usr/lib/libcmph.dylib
0x000000001eb5f000 	/System/Library/PrivateFrameworks/LanguageModeling.framework/Versions/A/LanguageModeling
0x000000001eb5f000 	/System/Library/PrivateFrameworks/CoreEmoji.framework/Versions/A/CoreEmoji
0x000000001eb5f000 	/System/Library/Frameworks/ServiceManagement.framework/Versions/A/ServiceManagement
0x000000001eb5f000 	/System/Library/PrivateFrameworks/BackgroundTaskManagement.framework/Versions/A/BackgroundTaskManagement
0x000000001eb5f000 	/usr/lib/libxslt.1.dylib
0x000000001eb5f000 	/System/Library/Frameworks/Carbon.framework/Versions/A/Frameworks/Ink.framework/Versions/A/Ink
0x000000001eb5f000 	/System/Library/PrivateFrameworks/TextureIO.framework/Versions/A/TextureIO
0x000000001eb5f000 	/usr/lib/libate.dylib
0x000000001eb5f000 	/System/Library/PrivateFrameworks/CrashReporterSupport.framework/Versions/A/CrashReporterSupport
0x000000001eb5f000 	/System/Library/PrivateFrameworks/Sharing.framework/Versions/A/Sharing
0x000000001eb5f000 	/System/Library/PrivateFrameworks/IconServices.framework/Versions/A/IconServices
0x000000001eb5f000 	/System/Library/PrivateFrameworks/Apple80211.framework/Versions/A/Apple80211
0x000000001eb5f000 	/System/Library/PrivateFrameworks/CoreUtils.framework/Versions/A/CoreUtils
0x000000001eb5f000 	/System/Library/Frameworks/CoreWLAN.framework/Versions/A/CoreWLAN
0x000000001eb5f000 	/System/Library/Frameworks/IOBluetooth.framework/Versions/A/IOBluetooth
0x000000001eb5f000 	/System/Library/PrivateFrameworks/ProtocolBuffer.framework/Versions/A/ProtocolBuffer
0x000000001eb5f000 	/System/Library/PrivateFrameworks/CoreWiFi.framework/Versions/A/CoreWiFi
0x000000001eb5f000 	/System/Library/Frameworks/CoreBluetooth.framework/Versions/A/CoreBluetooth
0x000000001eb5f000 	/System/Library/PrivateFrameworks/DebugSymbols.framework/Versions/A/DebugSymbols
0x000000001eb5f000 	/System/Library/PrivateFrameworks/CoreSymbolication.framework/Versions/A/CoreSymbolication
0x000000001eb5f000 	/System/Library/PrivateFrameworks/Symbolication.framework/Versions/A/Symbolication
0x000000001eb5f000 	/System/Library/PrivateFrameworks/AppleFSCompression.framework/Versions/A/AppleFSCompression
0x000000001eb5f000 	/System/Library/PrivateFrameworks/SpeechRecognitionCore.framework/Versions/A/SpeechRecognitionCore
0x000000001eb5f000 	/System/Library/CoreServices/Encodings/libSimplifiedChineseConverter.dylib
0x0000000110600000 	/Library/Java/JavaVirtualMachines/jdk1.8.0_144.jdk/Contents/Home/jre/lib/server/libjvm.dylib
0x000000001eb5f000 	/usr/lib/libstdc++.6.0.9.dylib
0x000000010f4ba000 	/Library/Java/JavaVirtualMachines/jdk1.8.0_144.jdk/Contents/Home/jre/lib/libverify.dylib
0x000000010f4c8000 	/Library/Java/JavaVirtualMachines/jdk1.8.0_144.jdk/Contents/Home/jre/lib/libjava.dylib
0x000000010f4fe000 	/Library/Java/JavaVirtualMachines/jdk1.8.0_144.jdk/Contents/Home/jre/lib/libjdwp.dylib
0x000000010f549000 	/Library/Java/JavaVirtualMachines/jdk1.8.0_144.jdk/Contents/Home/jre/lib/libnpt.dylib
0x000000010f596000 	/Library/Java/JavaVirtualMachines/jdk1.8.0_144.jdk/Contents/Home/jre/lib/libzip.dylib
0x000000001eb5f000 	/System/Library/Frameworks/JavaVM.framework/Versions/A/Frameworks/JavaRuntimeSupport.framework/Versions/A/JavaRuntimeSupport
0x000000001eb5f000 	/System/Library/Frameworks/JavaVM.framework/Versions/A/Frameworks/JavaNativeFoundation.framework/Versions/A/JavaNativeFoundation
0x000000001eb5f000 	/System/Library/Frameworks/JavaVM.framework/Versions/A/JavaVM
0x000000001eb5f000 	/System/Library/Frameworks/Carbon.framework/Versions/A/Carbon
0x000000001eb5f000 	/System/Library/PrivateFrameworks/JavaLaunching.framework/Versions/A/JavaLaunching
0x000000001eb5f000 	/System/Library/Frameworks/Carbon.framework/Versions/A/Frameworks/CommonPanels.framework/Versions/A/CommonPanels
0x000000001eb5f000 	/System/Library/Frameworks/Carbon.framework/Versions/A/Frameworks/Help.framework/Versions/A/Help
0x000000001eb5f000 	/System/Library/Frameworks/Carbon.framework/Versions/A/Frameworks/ImageCapture.framework/Versions/A/ImageCapture
0x000000001eb5f000 	/System/Library/Frameworks/Carbon.framework/Versions/A/Frameworks/OpenScripting.framework/Versions/A/OpenScripting
0x000000001eb5f000 	/System/Library/Frameworks/Carbon.framework/Versions/A/Frameworks/Print.framework/Versions/A/Print
0x000000001eb5f000 	/System/Library/Frameworks/Carbon.framework/Versions/A/Frameworks/SecurityHI.framework/Versions/A/SecurityHI
0x000000010f5f8000 	/Library/Java/JavaVirtualMachines/jdk1.8.0_144.jdk/Contents/Home/jre/lib/libdt_socket.dylib
0x000000012e2cb000 	/Library/Java/JavaVirtualMachines/jdk1.8.0_144.jdk/Contents/Home/jre/lib/libawt.dylib
0x000000012e373000 	/Library/Java/JavaVirtualMachines/jdk1.8.0_144.jdk/Contents/Home/jre/lib/./libmlib_image.dylib
0x000000012e43f000 	/Library/Java/JavaVirtualMachines/jdk1.8.0_144.jdk/Contents/Home/jre/lib/libawt_lwawt.dylib
0x000000012e4f6000 	/Library/Java/JavaVirtualMachines/jdk1.8.0_144.jdk/Contents/Home/jre/lib/./libosxapp.dylib
0x000000001eb5f000 	/System/Library/Frameworks/ExceptionHandling.framework/Versions/A/ExceptionHandling
0x000000001eb5f000 	/System/Library/PrivateFrameworks/CoreServicesInternal.framework/Versions/A/CoreServicesInternal
0x000000001eb5f000 	/System/Library/CoreServices/RawCamera.bundle/Contents/MacOS/RawCamera
0x000000001eb5f000 	/System/Library/PrivateFrameworks/MobileAsset.framework/Versions/A/MobileAsset
0x000000001eb5f000 	/System/Library/PrivateFrameworks/StreamingZip.framework/Versions/A/StreamingZip
0x000000001eb5f000 	/System/Library/Frameworks/MediaToolbox.framework/Versions/A/MediaToolbox
0x000000001eb5f000 	/System/Library/PrivateFrameworks/CoreAVCHD.framework/Versions/A/CoreAVCHD
0x000000001eb5f000 	/System/Library/Frameworks/MediaAccessibility.framework/Versions/A/MediaAccessibility
0x000000001eb5f000 	/System/Library/PrivateFrameworks/Mangrove.framework/Versions/A/Mangrove
0x000000001eb5f000 	/System/Library/Frameworks/CoreMedia.framework/Versions/A/CoreMedia
0x000000001eb5f000 	/System/Library/Frameworks/VideoToolbox.framework/Versions/A/VideoToolbox
0x000000001eb5f000 	/System/Library/PrivateFrameworks/CoreAUC.framework/Versions/A/CoreAUC
0x000000001eb5f000 	/usr/lib/libspindump.dylib
0x000000001eb5f000 	/System/Library/PrivateFrameworks/AppleVA.framework/Versions/A/AppleVA
0x000000001eb5f000 	/System/Library/Frameworks/Accelerate.framework/Versions/A/Frameworks/vImage.framework/Versions/A/Libraries/libCGInterfaces.dylib
0x000000001eb5f000 	/System/Library/Frameworks/ApplicationServices.framework/Versions/A/Frameworks/ATS.framework/Versions/A/Resources/libTrueTypeScaler.dylib
0x000000001eb5f000 	/System/Library/Extensions/AppleIntelHD5000GraphicsMTLDriver.bundle/Contents/MacOS/AppleIntelHD5000GraphicsMTLDriver
0x000000001eb5f000 	/System/Library/PrivateFrameworks/GPUCompiler.framework/Versions/3802/Libraries/libmetal_timestamp.dylib
0x000000001eb5f000 	/System/Library/PrivateFrameworks/FamilyControls.framework/Versions/A/FamilyControls
0x000000001eb5f000 	/System/Library/PrivateFrameworks/CommerceKit.framework/Versions/A/Frameworks/CommerceCore.framework/Versions/A/CommerceCore
0x000000001eb5f000 	/System/Library/PrivateFrameworks/SystemAdministration.framework/Versions/A/SystemAdministration
0x000000001eb5f000 	/System/Library/PrivateFrameworks/AppContainer.framework/Versions/A/AppContainer
0x000000001eb5f000 	/System/Library/PrivateFrameworks/SecCodeWrapper.framework/Versions/A/SecCodeWrapper
0x000000001eb5f000 	/System/Library/PrivateFrameworks/DiskManagement.framework/Versions/A/DiskManagement
0x000000001eb5f000 	/System/Library/Frameworks/DirectoryService.framework/Versions/A/DirectoryService
0x000000001eb5f000 	/System/Library/PrivateFrameworks/DiskImages.framework/Versions/A/DiskImages
0x000000001eb5f000 	/System/Library/PrivateFrameworks/LoginUIKit.framework/Versions/A/Frameworks/LoginUICore.framework/Versions/A/LoginUICore
0x000000001eb5f000 	/usr/lib/libCoreStorage.dylib
0x000000001eb5f000 	/usr/lib/libcsfde.dylib
0x000000001eb5f000 	/usr/lib/libodfde.dylib
0x000000001eb5f000 	/System/Library/PrivateFrameworks/MediaKit.framework/Versions/A/MediaKit
0x000000001eb5f000 	/System/Library/Frameworks/DiscRecording.framework/Versions/A/DiscRecording
0x000000001eb5f000 	/System/Library/PrivateFrameworks/EFILogin.framework/Versions/A/EFILogin
0x000000001eb5f000 	/System/Library/PrivateFrameworks/ProtectedCloudStorage.framework/Versions/A/ProtectedCloudStorage
0x000000001eb5f000 	/usr/lib/libcurl.4.dylib
0x000000001eb5f000 	/usr/lib/libcrypto.35.dylib
0x000000001eb5f000 	/usr/lib/libssl.35.dylib
0x000000001eb5f000 	/System/Library/Frameworks/LDAP.framework/Versions/A/LDAP
0x000000001eb5f000 	/System/Library/PrivateFrameworks/TrustEvaluationAgent.framework/Versions/A/TrustEvaluationAgent
0x000000001eb5f000 	/usr/lib/libsasl2.2.dylib
0x000000001eb5f000 	/System/Library/PrivateFrameworks/CoreDaemon.framework/Versions/B/CoreDaemon
0x000000001eb5f000 	/System/Library/PrivateFrameworks/AppleSRP.framework/Versions/A/AppleSRP
0x000000001eb5f000 	/System/Library/PrivateFrameworks/ViewBridge.framework/Versions/A/ViewBridge
0x000000001eb5f000 	/System/Library/Frameworks/OpenGL.framework/Versions/A/Resources/GLEngine.bundle/GLEngine
0x000000001eb5f000 	/System/Library/Frameworks/OpenGL.framework/Versions/A/Libraries/libGLProgrammability.dylib
0x0000000135f4d000 	/System/Library/Extensions/AppleIntelHD5000GraphicsGLDriver.bundle/Contents/MacOS/AppleIntelHD5000GraphicsGLDriver
0x000000001eb5f000 	/System/Library/PrivateFrameworks/GPUSupport.framework/Versions/A/Libraries/libGPUSupportMercury.dylib
0x000000001eb5f000 	/System/Library/Frameworks/OpenGL.framework/Versions/A/Resources/GLRendererFloat.bundle/GLRendererFloat
0x000000001eb5f000 	/System/Library/Frameworks/OpenCL.framework/Versions/A/Libraries/libcldcpuengine.dylib
0x0000000136d85000 	/private/var/folders/tq/5hn_pm8x167785snwtwk9qr00000gn/T/jna-1437037083/jna3917778493438370512.tmp
0x0000000136d9b000 	/usr/local/lib/libtesseract.dylib
0x00000001372a4000 	/usr/local/opt/leptonica/lib/liblept.5.dylib
0x0000000137498000 	/usr/local/opt/libpng/lib/libpng16.16.dylib
0x00000001374c4000 	/usr/local/opt/jpeg/lib/libjpeg.9.dylib
0x00000001374f7000 	/usr/local/opt/libtiff/lib/libtiff.5.dylib
0x0000000137560000 	/Library/Java/JavaVirtualMachines/jdk1.8.0_144.jdk/Contents/Home/jre/lib/libnio.dylib
0x0000000137570000 	/Library/Java/JavaVirtualMachines/jdk1.8.0_144.jdk/Contents/Home/jre/lib/./libnet.dylib

VM Arguments:
jvm_args: -agentlib:jdwp=transport=dt_socket,address=127.0.0.1:54131,suspend=y,server=n -Dfile.encoding=UTF-8 
java_command: com.howie.story.biz.util.PicDiscernUtil
java_class_path (initial): /Library/Java/JavaVirtualMachines/jdk1.8.0_144.jdk/Contents/Home/jre/lib/charsets.jar:/Library/Java/JavaVirtualMachines/jdk1.8.0_144.jdk/Contents/Home/jre/lib/deploy.jar:/Library/Java/JavaVirtualMachines/jdk1.8.0_144.jdk/Contents/Home/jre/lib/ext/cldrdata.jar:/Library/Java/JavaVirtualMachines/jdk1.8.0_144.jdk/Contents/Home/jre/lib/ext/dnsns.jar:/Library/Java/JavaVirtualMachines/jdk1.8.0_144.jdk/Contents/Home/jre/lib/ext/jaccess.jar:/Library/Java/JavaVirtualMachines/jdk1.8.0_144.jdk/Contents/Home/jre/lib/ext/jfxrt.jar:/Library/Java/JavaVirtualMachines/jdk1.8.0_144.jdk/Contents/Home/jre/lib/ext/localedata.jar:/Library/Java/JavaVirtualMachines/jdk1.8.0_144.jdk/Contents/Home/jre/lib/ext/nashorn.jar:/Library/Java/JavaVirtualMachines/jdk1.8.0_144.jdk/Contents/Home/jre/lib/ext/sunec.jar:/Library/Java/JavaVirtualMachines/jdk1.8.0_144.jdk/Contents/Home/jre/lib/ext/sunjce_provider.jar:/Library/Java/JavaVirtualMachines/jdk1.8.0_144.jdk/Contents/Home/jre/lib/ext/sunpkcs11.jar:/Library/Java/JavaVirtualMachines/jdk1.8.0_144.jdk/Contents/Home/jre/lib/ext/zipfs.jar:/Library/Java/JavaVirtualMachines/jdk1.8.0_144.jdk/Contents/Home/jre/lib/javaws.jar:/Library/Java/JavaVirtualMachines/jdk1.8.0_144.jdk/Contents/Home/jre/lib/jce.jar:/Library/Java/JavaVirtualMachines/jdk1.8.0_144.jdk/Contents/Home/jre/lib/jfr.jar:/Library/Java/JavaVirtualMachines/jdk1.8.0_144.jdk/Contents/Home/jre/lib/jfxswt.jar:/Library/Java/JavaVirtualMachines/jdk1.8.0_144.jdk/Contents/Home/jre/lib/jsse.jar:/Library/Java/JavaVirtualMachines/jdk1.8.0_144.jdk/Contents/Home/jre/lib/management-agent.jar:/Library/Java/JavaVirtualMachines/jdk1.8.0_144.jdk/Contents/Home/jre/lib/plugin.jar:/Library/Java/JavaVirtualMachines/jdk1.8.0_144.jdk/Contents/Home/jre/lib/resources.jar:/Library/Java/JavaVirtualMachines/jdk1.8.0_144.jdk/Contents/Home/jre/lib/rt.jar:/Library/Java/JavaVirtualMachines/jdk1.8.0_144.jdk/Contents/Home/lib/ant-javafx.jar:/Library/Java/JavaVirtualMachines/jdk1.8.0_144.jdk/Contents/Home
Launcher Type: SUN_STANDARD

Environment Variables:
PATH=/usr/local/bin:/usr/bin:/bin:/usr/sbin:/sbin:/Users/xiaohaoyun/myapp/apache-maven-3.5.0/bin:/usr/local/mysql/bin
SHELL=/bin/bash

Signal Handlers:
SIGSEGV: [libjvm.dylib+0x5b26e5], sa_mask[0]=11111111011111110111111111111111, sa_flags=SA_ONSTACK|SA_RESTART|SA_SIGINFO
SIGBUS: [libjvm.dylib+0x5b26e5], sa_mask[0]=11111111011111110111111111111111, sa_flags=SA_RESTART|SA_SIGINFO
SIGFPE: [libjvm.dylib+0x489100], sa_mask[0]=11111111011111110111111111111111, sa_flags=SA_RESTART|SA_SIGINFO
SIGPIPE: [libjvm.dylib+0x489100], sa_mask[0]=11111111011111110111111111111111, sa_flags=SA_RESTART|SA_SIGINFO
SIGXFSZ: [libjvm.dylib+0x489100], sa_mask[0]=11111111011111110111111111111111, sa_flags=SA_RESTART|SA_SIGINFO
SIGILL: [libjvm.dylib+0x489100], sa_mask[0]=11111111011111110111111111111111, sa_flags=SA_RESTART|SA_SIGINFO
SIGUSR1: SIG_DFL, sa_mask[0]=00000000000000000000000000000000, sa_flags=none
SIGUSR2: [libjvm.dylib+0x488c1e], sa_mask[0]=00100000000000000000000000000000, sa_flags=SA_RESTART|SA_SIGINFO
SIGHUP: [libjvm.dylib+0x4871f5], sa_mask[0]=11111111011111110111111111111111, sa_flags=SA_RESTART|SA_SIGINFO
SIGINT: [libjvm.dylib+0x4871f5], sa_mask[0]=11111111011111110111111111111111, sa_flags=SA_RESTART|SA_SIGINFO
SIGTERM: [libjvm.dylib+0x4871f5], sa_mask[0]=11111111011111110111111111111111, sa_flags=SA_RESTART|SA_SIGINFO
SIGQUIT: [libjvm.dylib+0x4871f5], sa_mask[0]=11111111011111110111111111111111, sa_flags=SA_RESTART|SA_SIGINFO


---------------  S Y S T E M  ---------------

OS:Bsduname:Darwin 17.5.0 Darwin Kernel Version 17.5.0: Mon Mar  5 22:24:32 PST 2018; root:xnu-4570.51.1~1/RELEASE_X86_64 x86_64
rlimit: STACK 8192k, CORE 0k, NPROC 1418, NOFILE 10240, AS infinity
load average:2.93 2.44 2.34

CPU:total 8 (initial active 8) (4 cores per cpu, 2 threads per core) family 6 model 70 stepping 1, cmov, cx8, fxsr, mmx, sse, sse2, sse3, ssse3, sse4.1, sse4.2, popcnt, avx, avx2, aes, clmul, erms, lzcnt, ht, tsc, tscinvbit, bmi1, bmi2

Memory: 4k page, physical 16777216k(338964k free)

/proc/meminfo:


vm_info: Java HotSpot(TM) 64-Bit Server VM (25.144-b01) for bsd-amd64 JRE (1.8.0_144-b01), built on Jul 21 2017 22:07:42 by "java_re" with gcc 4.2.1 (Based on Apple Inc. build 5658) (LLVM build 2336.11.00)

time: Wed Aug 15 16:16:41 2018
elapsed time: 14 seconds (0d 0h 0m 14s)

